<?xml version="1.0" encoding="UTF-8"?>
<!-- Generated by org.testng.reporters.JUnitReportReporter -->
<testsuite hostname="MBP-JFQR791GJV" failures="0" tests="1" name="googleapi.DeletePlaceTest" time="2.184" errors="0" timestamp="2024-04-28T11:00:42 IST" skipped="0">
  <testcase classname="googleapi.DeletePlaceTest" name="validateDeletePlaceAPI" time="2.184"/>
</testsuite> <!-- googleapi.DeletePlaceTest -->
