<?xml version="1.0" encoding="UTF-8"?>
<!-- Generated by org.testng.reporters.JUnitReportReporter -->
<testsuite hostname="MBP-JFQR791GJV" failures="0" tests="1" name="googleapi.UpdatePlaceTest" time="1.793" errors="0" timestamp="2024-04-28T11:00:42 IST" skipped="0">
  <testcase classname="googleapi.UpdatePlaceTest" name="validateUpdatePlaceAPI" time="1.793"/>
</testsuite> <!-- googleapi.UpdatePlaceTest -->
