<?xml version="1.0" encoding="UTF-8"?>
<!-- Generated by org.testng.reporters.JUnitReportReporter -->
<testsuite hostname="MBP-JFQR791GJV" failures="0" tests="1" name="googleapi.AddPlaceTest" time="3.694" errors="0" timestamp="2024-05-13T19:32:23 IST" skipped="0">
  <testcase classname="googleapi.AddPlaceTest" name="validateAddPlaceAPI" time="3.694"/>
</testsuite> <!-- googleapi.AddPlaceTest -->
